[debug] [2023-09-07T21:03:16.926Z] ----------------------------------------------------------------------
[debug] [2023-09-07T21:03:16.929Z] Command:       C:\Program Files\nodejs\node.exe C:\Users\DAVI\AppData\Roaming\npm\node_modules\firebase-tools\lib\bin\firebase.js deploy
[debug] [2023-09-07T21:03:16.930Z] CLI Version:   12.5.2
[debug] [2023-09-07T21:03:16.930Z] Platform:      win32
[debug] [2023-09-07T21:03:16.931Z] Node Version:  v18.16.1
[debug] [2023-09-07T21:03:17.562Z] Time:          Thu Sep 07 2023 18:03:16 GMT-0300 (Horário Padrão de Brasília)
[debug] [2023-09-07T21:03:17.563Z] ----------------------------------------------------------------------
[debug] 
[debug] [2023-09-07T21:03:17.592Z] >>> [apiv2][query] GET https://firebase-public.firebaseio.com/cli.json [none]
[debug] [2023-09-07T21:03:17.830Z] Object "" in "firebase.json" has unknown property: {"additionalProperty":"projects"}
[debug] [2023-09-07T21:03:18.767Z] > command requires scopes: ["email","openid","https://www.googleapis.com/auth/cloudplatformprojects.readonly","https://www.googleapis.com/auth/firebase","https://www.googleapis.com/auth/cloud-platform"]
[debug] [2023-09-07T21:03:18.768Z] > authorizing via signed-in user (adamsdavi77@gmail.com)
[debug] [2023-09-07T21:03:18.769Z] [iam] checking project costs-4c8eb for permissions ["firebase.projects.get","firebasehosting.sites.update"]
[debug] [2023-09-07T21:03:18.773Z] > refreshing access token with scopes: []
[debug] [2023-09-07T21:03:18.777Z] >>> [apiv2][query] POST https://www.googleapis.com/oauth2/v3/token [none]
[debug] [2023-09-07T21:03:18.778Z] >>> [apiv2][body] POST https://www.googleapis.com/oauth2/v3/token [omitted]
[debug] [2023-09-07T21:03:40.070Z] *** [apiv2] error from fetch(https://firebase-public.firebaseio.com/cli.json, {"headers":{},"method":"GET"}): FetchError: request to https://firebase-public.firebaseio.com/cli.json failed, reason: connect ETIMEDOUT 2600:1901:0:4d00:::443
[warn] !  Unable to fetch the CLI MOTD and remote config. 
[debug] [2023-09-07T21:03:40.073Z] Failed to fetch MOTD FirebaseError: Failed to make request to https://firebase-public.firebaseio.com/cli.json
[debug] [2023-09-07T21:03:40.163Z] *** [apiv2] error from fetch(https://www.googleapis.com/oauth2/v3/token, {"headers":{},"method":"POST","body":{"_overheadLength":545,"_valueLength":212,"_valuesToMeasure":[],"writable":false,"readable":true,"dataSize":0,"maxDataSize":2097152,"pauseStreams":true,"_released":true,"_streams":[],"_currentStream":null,"_insideLoop":false,"_pendingNext":false,"_boundary":"--------------------------485588716207114398420917","_events":{},"_eventsCount":1}}): FetchError: request to https://www.googleapis.com/oauth2/v3/token failed, reason: connect ETIMEDOUT 2800:3f0:4004:801::200a:443
[debug] [2023-09-07T21:03:40.164Z] [iam] error while checking permissions, command may fail: FirebaseError: Authentication Error: Your credentials are no longer valid. Please run firebase login --reauth

For CI servers and headless environments, generate a new token with firebase login:ci
[debug] [2023-09-07T21:03:40.165Z] > refreshing access token with scopes: []
[debug] [2023-09-07T21:03:40.166Z] >>> [apiv2][query] POST https://www.googleapis.com/oauth2/v3/token [none]
[debug] [2023-09-07T21:03:40.166Z] >>> [apiv2][body] POST https://www.googleapis.com/oauth2/v3/token [omitted]
[debug] [2023-09-07T21:04:01.207Z] *** [apiv2] error from fetch(https://www.googleapis.com/oauth2/v3/token, {"headers":{},"method":"POST","body":{"_overheadLength":545,"_valueLength":212,"_valuesToMeasure":[],"writable":false,"readable":true,"dataSize":0,"maxDataSize":2097152,"pauseStreams":true,"_released":true,"_streams":[],"_currentStream":null,"_insideLoop":false,"_pendingNext":false,"_boundary":"--------------------------441751261503976968937566","_events":{},"_eventsCount":1}}): FetchError: request to https://www.googleapis.com/oauth2/v3/token failed, reason: connect ETIMEDOUT 2800:3f0:4004:801::200a:443
[debug] [2023-09-07T21:04:01.209Z] Authentication Error: Your credentials are no longer valid. Please run firebase login --reauth

For CI servers and headless environments, generate a new token with firebase login:ci
[debug] [2023-09-07T21:04:06.231Z] Error: Timed out.
    at Timeout._onTimeout (C:\Users\DAVI\AppData\Roaming\npm\node_modules\firebase-tools\lib\utils.js:254:49)
    at listOnTimeout (node:internal/timers:569:17)
    at process.processTimers (node:internal/timers:512:7)
[error] 
[error] Error: An unexpected error has occurred.
[debug] [2023-09-07T21:04:35.814Z] ----------------------------------------------------------------------
[debug] [2023-09-07T21:04:35.817Z] Command:       C:\Program Files\nodejs\node.exe C:\Users\DAVI\AppData\Roaming\npm\node_modules\firebase-tools\lib\bin\firebase.js deploy
[debug] [2023-09-07T21:04:35.818Z] CLI Version:   12.5.2
[debug] [2023-09-07T21:04:35.819Z] Platform:      win32
[debug] [2023-09-07T21:04:35.820Z] Node Version:  v18.16.1
[debug] [2023-09-07T21:04:35.822Z] Time:          Thu Sep 07 2023 18:04:35 GMT-0300 (Horário Padrão de Brasília)
[debug] [2023-09-07T21:04:35.822Z] ----------------------------------------------------------------------
[debug] 
[debug] [2023-09-07T21:04:35.833Z] >>> [apiv2][query] GET https://firebase-public.firebaseio.com/cli.json [none]
[debug] [2023-09-07T21:04:36.145Z] Object "" in "firebase.json" has unknown property: {"additionalProperty":"projects"}
[debug] [2023-09-07T21:04:36.155Z] > command requires scopes: ["email","openid","https://www.googleapis.com/auth/cloudplatformprojects.readonly","https://www.googleapis.com/auth/firebase","https://www.googleapis.com/auth/cloud-platform"]
[debug] [2023-09-07T21:04:36.156Z] > authorizing via signed-in user (adamsdavi77@gmail.com)
[debug] [2023-09-07T21:04:36.156Z] [iam] checking project costs-4c8eb for permissions ["firebase.projects.get","firebasehosting.sites.update"]
[debug] [2023-09-07T21:04:36.159Z] > refreshing access token with scopes: []
[debug] [2023-09-07T21:04:36.160Z] >>> [apiv2][query] POST https://www.googleapis.com/oauth2/v3/token [none]
[debug] [2023-09-07T21:04:36.161Z] >>> [apiv2][body] POST https://www.googleapis.com/oauth2/v3/token [omitted]
[debug] [2023-09-07T21:04:57.222Z] *** [apiv2] error from fetch(https://firebase-public.firebaseio.com/cli.json, {"headers":{},"method":"GET"}): FetchError: request to https://firebase-public.firebaseio.com/cli.json failed, reason: connect ETIMEDOUT 2600:1901:0:4d00:::443
[warn] !  Unable to fetch the CLI MOTD and remote config. 
[debug] [2023-09-07T21:04:57.224Z] Failed to fetch MOTD FirebaseError: Failed to make request to https://firebase-public.firebaseio.com/cli.json
[debug] [2023-09-07T21:04:57.268Z] *** [apiv2] error from fetch(https://www.googleapis.com/oauth2/v3/token, {"headers":{},"method":"POST","body":{"_overheadLength":545,"_valueLength":212,"_valuesToMeasure":[],"writable":false,"readable":true,"dataSize":0,"maxDataSize":2097152,"pauseStreams":true,"_released":true,"_streams":[],"_currentStream":null,"_insideLoop":false,"_pendingNext":false,"_boundary":"--------------------------610175767030115531987077","_events":{},"_eventsCount":1}}): FetchError: request to https://www.googleapis.com/oauth2/v3/token failed, reason: connect ETIMEDOUT 2800:3f0:4004:805::200a:443
[debug] [2023-09-07T21:04:57.268Z] [iam] error while checking permissions, command may fail: FirebaseError: Authentication Error: Your credentials are no longer valid. Please run firebase login --reauth

For CI servers and headless environments, generate a new token with firebase login:ci
[debug] [2023-09-07T21:04:57.270Z] > refreshing access token with scopes: []
[debug] [2023-09-07T21:04:57.270Z] >>> [apiv2][query] POST https://www.googleapis.com/oauth2/v3/token [none]
[debug] [2023-09-07T21:04:57.271Z] >>> [apiv2][body] POST https://www.googleapis.com/oauth2/v3/token [omitted]
[debug] [2023-09-07T21:05:18.319Z] *** [apiv2] error from fetch(https://www.googleapis.com/oauth2/v3/token, {"headers":{},"method":"POST","body":{"_overheadLength":545,"_valueLength":212,"_valuesToMeasure":[],"writable":false,"readable":true,"dataSize":0,"maxDataSize":2097152,"pauseStreams":true,"_released":true,"_streams":[],"_currentStream":null,"_insideLoop":false,"_pendingNext":false,"_boundary":"--------------------------598277913606038609858743","_events":{},"_eventsCount":1}}): FetchError: request to https://www.googleapis.com/oauth2/v3/token failed, reason: connect ETIMEDOUT 2800:3f0:4004:805::200a:443
[debug] [2023-09-07T21:05:18.320Z] Authentication Error: Your credentials are no longer valid. Please run firebase login --reauth

For CI servers and headless environments, generate a new token with firebase login:ci
[debug] [2023-09-07T21:05:23.334Z] Error: Timed out.
    at Timeout._onTimeout (C:\Users\DAVI\AppData\Roaming\npm\node_modules\firebase-tools\lib\utils.js:254:49)
    at listOnTimeout (node:internal/timers:569:17)
    at process.processTimers (node:internal/timers:512:7)
[error] 
[error] Error: An unexpected error has occurred.
[debug] [2023-09-07T21:05:39.987Z] ----------------------------------------------------------------------
[debug] [2023-09-07T21:05:39.990Z] Command:       C:\Program Files\nodejs\node.exe C:\Users\DAVI\AppData\Roaming\npm\node_modules\firebase-tools\lib\bin\firebase.js init
[debug] [2023-09-07T21:05:39.991Z] CLI Version:   12.5.2
[debug] [2023-09-07T21:05:39.991Z] Platform:      win32
[debug] [2023-09-07T21:05:39.991Z] Node Version:  v18.16.1
[debug] [2023-09-07T21:05:39.993Z] Time:          Thu Sep 07 2023 18:05:39 GMT-0300 (Horário Padrão de Brasília)
[debug] [2023-09-07T21:05:39.993Z] ----------------------------------------------------------------------
[debug] 
[debug] [2023-09-07T21:05:39.997Z] >>> [apiv2][query] GET https://firebase-public.firebaseio.com/cli.json [none]
[debug] [2023-09-07T21:05:40.204Z] Object "" in "firebase.json" has unknown property: {"additionalProperty":"projects"}
[debug] [2023-09-07T21:05:40.212Z] > command requires scopes: ["email","openid","https://www.googleapis.com/auth/cloudplatformprojects.readonly","https://www.googleapis.com/auth/firebase","https://www.googleapis.com/auth/cloud-platform"]
[debug] [2023-09-07T21:05:40.213Z] > authorizing via signed-in user (adamsdavi77@gmail.com)
[debug] [2023-09-07T21:05:40.214Z] Object "" in "firebase.json" has unknown property: {"additionalProperty":"projects"}
[info] 
     ######## #### ########  ######## ########     ###     ######  ########
     ##        ##  ##     ## ##       ##     ##  ##   ##  ##       ##
     ######    ##  ########  ######   ########  #########  ######  ######
     ##        ##  ##    ##  ##       ##     ## ##     ##       ## ##
     ##       #### ##     ## ######## ########  ##     ##  ######  ########

You're about to initialize a Firebase project in this directory:

  C:\Users\DAVI\Pictures\Curso Extra\React\cost

Before we get started, keep in mind:

  * You are initializing within an existing Firebase project directory

[info] 
=== Project Setup
[info] 
[info] First, let's associate this project directory with a Firebase project.
[info] You can create multiple project aliases by running firebase use --add, 
[info] but for now we'll just set up a default project.
[info] 
[debug] [2023-09-07T21:05:55.467Z] Using project from CLI flag: costs-4c8eb
[debug] [2023-09-07T21:05:55.468Z] > refreshing access token with scopes: []
[debug] [2023-09-07T21:05:55.470Z] >>> [apiv2][query] POST https://www.googleapis.com/oauth2/v3/token [none]
[debug] [2023-09-07T21:05:55.470Z] >>> [apiv2][body] POST https://www.googleapis.com/oauth2/v3/token [omitted]
[debug] [2023-09-07T21:06:01.332Z] *** [apiv2] error from fetch(https://firebase-public.firebaseio.com/cli.json, {"headers":{},"method":"GET"}): FetchError: request to https://firebase-public.firebaseio.com/cli.json failed, reason: connect ETIMEDOUT 2600:1901:0:4d00:::443
[warn] !  Unable to fetch the CLI MOTD and remote config. 
[debug] [2023-09-07T21:06:01.335Z] Failed to fetch MOTD FirebaseError: Failed to make request to https://firebase-public.firebaseio.com/cli.json
[debug] [2023-09-07T21:06:16.516Z] *** [apiv2] error from fetch(https://www.googleapis.com/oauth2/v3/token, {"headers":{},"method":"POST","body":{"_overheadLength":545,"_valueLength":212,"_valuesToMeasure":[],"writable":false,"readable":true,"dataSize":0,"maxDataSize":2097152,"pauseStreams":true,"_released":true,"_streams":[],"_currentStream":null,"_insideLoop":false,"_pendingNext":false,"_boundary":"--------------------------684646894727616413231075","_events":{},"_eventsCount":1}}): FetchError: request to https://www.googleapis.com/oauth2/v3/token failed, reason: connect ETIMEDOUT 2800:3f0:4004:805::200a:443
[debug] [2023-09-07T21:06:16.517Z] Authentication Error: Your credentials are no longer valid. Please run firebase login --reauth

For CI servers and headless environments, generate a new token with firebase login:ci
[debug] [2023-09-07T21:06:21.544Z] Error: Timed out.
    at Timeout._onTimeout (C:\Users\DAVI\AppData\Roaming\npm\node_modules\firebase-tools\lib\utils.js:254:49)
    at listOnTimeout (node:internal/timers:569:17)
    at process.processTimers (node:internal/timers:512:7)
[error] 
[error] Error: An unexpected error has occurred.
[debug] [2023-09-07T21:07:33.930Z] ----------------------------------------------------------------------
[debug] [2023-09-07T21:07:33.934Z] Command:       C:\Program Files\nodejs\node.exe C:\Users\DAVI\AppData\Roaming\npm\node_modules\firebase-tools\lib\bin\firebase.js init
[debug] [2023-09-07T21:07:33.935Z] CLI Version:   12.5.2
[debug] [2023-09-07T21:07:33.935Z] Platform:      win32
[debug] [2023-09-07T21:07:33.936Z] Node Version:  v18.16.1
[debug] [2023-09-07T21:07:33.938Z] Time:          Thu Sep 07 2023 18:07:33 GMT-0300 (Horário Padrão de Brasília)
[debug] [2023-09-07T21:07:33.938Z] ----------------------------------------------------------------------
[debug] 
[debug] [2023-09-07T21:07:33.944Z] >>> [apiv2][query] GET https://firebase-public.firebaseio.com/cli.json [none]
[debug] [2023-09-07T21:07:34.096Z] Object "" in "firebase.json" has unknown property: {"additionalProperty":"projects"}
[debug] [2023-09-07T21:07:34.104Z] > command requires scopes: ["email","openid","https://www.googleapis.com/auth/cloudplatformprojects.readonly","https://www.googleapis.com/auth/firebase","https://www.googleapis.com/auth/cloud-platform"]
[debug] [2023-09-07T21:07:34.105Z] > authorizing via signed-in user (adamsdavi77@gmail.com)
[debug] [2023-09-07T21:07:34.106Z] Object "" in "firebase.json" has unknown property: {"additionalProperty":"projects"}
[info] 
     ######## #### ########  ######## ########     ###     ######  ########
     ##        ##  ##     ## ##       ##     ##  ##   ##  ##       ##
     ######    ##  ########  ######   ########  #########  ######  ######
     ##        ##  ##    ##  ##       ##     ## ##     ##       ## ##
     ##       #### ##     ## ######## ########  ##     ##  ######  ########

You're about to initialize a Firebase project in this directory:

  C:\Users\DAVI\Pictures\Curso Extra\React\cost

Before we get started, keep in mind:

  * You are initializing within an existing Firebase project directory

[info] 
=== Project Setup
[info] 
[info] First, let's associate this project directory with a Firebase project.
[info] You can create multiple project aliases by running firebase use --add, 
[info] but for now we'll just set up a default project.
[info] 
[debug] [2023-09-07T21:07:40.646Z] Using project from CLI flag: costs-4c8eb
[debug] [2023-09-07T21:07:40.647Z] > refreshing access token with scopes: []
[debug] [2023-09-07T21:07:40.649Z] >>> [apiv2][query] POST https://www.googleapis.com/oauth2/v3/token [none]
[debug] [2023-09-07T21:07:40.649Z] >>> [apiv2][body] POST https://www.googleapis.com/oauth2/v3/token [omitted]
[debug] [2023-09-07T21:07:55.219Z] *** [apiv2] error from fetch(https://firebase-public.firebaseio.com/cli.json, {"headers":{},"method":"GET"}): FetchError: request to https://firebase-public.firebaseio.com/cli.json failed, reason: connect ETIMEDOUT 2600:1901:0:4d00:::443
[warn] !  Unable to fetch the CLI MOTD and remote config. 
[debug] [2023-09-07T21:07:55.222Z] Failed to fetch MOTD FirebaseError: Failed to make request to https://firebase-public.firebaseio.com/cli.json
[debug] [2023-09-07T21:08:01.704Z] *** [apiv2] error from fetch(https://www.googleapis.com/oauth2/v3/token, {"headers":{},"method":"POST","body":{"_overheadLength":545,"_valueLength":212,"_valuesToMeasure":[],"writable":false,"readable":true,"dataSize":0,"maxDataSize":2097152,"pauseStreams":true,"_released":true,"_streams":[],"_currentStream":null,"_insideLoop":false,"_pendingNext":false,"_boundary":"--------------------------325161663281805151925252","_events":{},"_eventsCount":1}}): FetchError: request to https://www.googleapis.com/oauth2/v3/token failed, reason: connect ETIMEDOUT 2800:3f0:4004:805::200a:443
[debug] [2023-09-07T21:08:01.706Z] Authentication Error: Your credentials are no longer valid. Please run firebase login --reauth

For CI servers and headless environments, generate a new token with firebase login:ci
[debug] [2023-09-07T21:08:06.729Z] Error: Timed out.
    at Timeout._onTimeout (C:\Users\DAVI\AppData\Roaming\npm\node_modules\firebase-tools\lib\utils.js:254:49)
    at listOnTimeout (node:internal/timers:569:17)
    at process.processTimers (node:internal/timers:512:7)
[error] 
[error] Error: An unexpected error has occurred.
